<?xml version="1.0" encoding="UTF-8"?>
<!-- Generated by org.testng.reporters.JUnitXMLReporter -->
<testsuite ignored="0" hostname="LAPTOP-LUP3JV7D" failures="0" tests="4" name="test" time="14.236" errors="0" timestamp="2020-10-01T22:59:18 IST">
  <testcase classname="com.caseStudy03.tests.TestClass" name="postPositiveTest" time="4.428"/>
  <testcase classname="com.caseStudy03.tests.TestClass" name="putPositiveTest" time="2.12"/>
  <testcase classname="com.caseStudy03.tests.TestClass" name="getPositiveTest" time="2.732"/>
  <testcase classname="com.caseStudy03.tests.TestClass" name="daletePositiveTest" time="2.47"/>
</testsuite> <!-- test -->
