<?xml version="1.0" encoding="UTF-8"?>
<!-- Generated by org.testng.reporters.JUnitXMLReporter -->
<testsuite ignored="0" hostname="LAPTOP-LUP3JV7D" failures="0" tests="4" name="Default test" time="12.637" errors="0" timestamp="2020-09-27T22:36:33 IST">
  <testcase classname="com.caseStudy03.tests.TestClass" name="postPositiveTest" time="3.364"/>
  <testcase classname="com.caseStudy03.tests.TestClass" name="putPositiveTest" time="2.441"/>
  <testcase classname="com.caseStudy03.tests.TestClass" name="getPositiveTest" time="2.496"/>
  <testcase classname="com.caseStudy03.tests.TestClass" name="daletePositiveTest" time="2.087"/>
</testsuite> <!-- Default test -->
