<?xml version="1.0" encoding="UTF-8"?>
<!-- Generated by org.testng.reporters.JUnitXMLReporter -->
<testsuite ignored="0" hostname="LAPTOP-LUP3JV7D" failures="0" tests="4" name="test" time="12.204" errors="0" timestamp="2020-09-30T23:27:25 IST">
  <testcase classname="com.caseStudy03.tests.TestClass" name="postPositiveTest" time="3.494"/>
  <testcase classname="com.caseStudy03.tests.TestClass" name="putPositiveTest" time="2.193"/>
  <testcase classname="com.caseStudy03.tests.TestClass" name="getPositiveTest" time="2.264"/>
  <testcase classname="com.caseStudy03.tests.TestClass" name="daletePositiveTest" time="2.282"/>
</testsuite> <!-- test -->
