<?xml version="1.0" encoding="UTF-8"?>
<testng-results ignored="0" total="4" passed="4" failed="0" skipped="0">
  <reporter-output>
  </reporter-output>
  <suite started-at="2020-10-01T22:59:04 IST" name="Case Study 3" finished-at="2020-10-01T22:59:18 IST" duration-ms="14236">
    <groups>
    </groups>
    <test started-at="2020-10-01T22:59:04 IST" name="test" finished-at="2020-10-01T22:59:18 IST" duration-ms="14236">
      <class name="com.caseStudy03.tests.TestClass">
        <test-method is-config="true" signature="setup()[pri:0, instance:com.caseStudy03.tests.TestClass@5082d622]" started-at="2020-10-01T22:59:04 IST" name="setup" finished-at="2020-10-01T22:59:05 IST" duration-ms="1054" status="PASS">
          <reporter-output>
          </reporter-output>
        </test-method> <!-- setup -->
        <test-method signature="postPositiveTest(java.util.Map)[pri:1, instance:com.caseStudy03.tests.TestClass@5082d622]" started-at="2020-10-01T22:59:06 IST" name="postPositiveTest" data-provider="data" finished-at="2020-10-01T22:59:10 IST" duration-ms="4428" status="PASS">
          <params>
            <param index="0">
              <value>
                <![CDATA[{types=shoe park,shop, website=http://google.com, address=29, side layout, cohen 09, latitude=-38.38342442, name=Veernag, accuracy=50, phone_number=1234567890, language=Telugu, newAddress=updatedAddress, queryParameterKey=qaclick123, longitude=33.42736234}]]>
              </value>
            </param>
          </params>
          <reporter-output>
          </reporter-output>
        </test-method> <!-- postPositiveTest -->
        <test-method signature="putPositiveTest(java.util.Map)[pri:2, instance:com.caseStudy03.tests.TestClass@5082d622]" started-at="2020-10-01T22:59:10 IST" name="putPositiveTest" data-provider="data" finished-at="2020-10-01T22:59:12 IST" duration-ms="2120" status="PASS">
          <params>
            <param index="0">
              <value>
                <![CDATA[{types=shoe park,shop, website=http://google.com, address=29, side layout, cohen 09, latitude=-38.38342442, name=Veernag, accuracy=50, phone_number=1234567890, language=Telugu, newAddress=updatedAddress, queryParameterKey=qaclick123, longitude=33.42736234}]]>
              </value>
            </param>
          </params>
          <reporter-output>
          </reporter-output>
        </test-method> <!-- putPositiveTest -->
        <test-method signature="getPositiveTest(java.util.Map)[pri:3, instance:com.caseStudy03.tests.TestClass@5082d622]" started-at="2020-10-01T22:59:12 IST" name="getPositiveTest" data-provider="data" finished-at="2020-10-01T22:59:15 IST" duration-ms="2732" status="PASS">
          <params>
            <param index="0">
              <value>
                <![CDATA[{types=shoe park,shop, website=http://google.com, address=29, side layout, cohen 09, latitude=-38.38342442, name=Veernag, accuracy=50, phone_number=1234567890, language=Telugu, newAddress=updatedAddress, queryParameterKey=qaclick123, longitude=33.42736234}]]>
              </value>
            </param>
          </params>
          <reporter-output>
          </reporter-output>
        </test-method> <!-- getPositiveTest -->
        <test-method signature="daletePositiveTest(java.util.Map)[pri:4, instance:com.caseStudy03.tests.TestClass@5082d622]" started-at="2020-10-01T22:59:15 IST" name="daletePositiveTest" data-provider="data" finished-at="2020-10-01T22:59:18 IST" duration-ms="2470" status="PASS">
          <params>
            <param index="0">
              <value>
                <![CDATA[{types=shoe park,shop, website=http://google.com, address=29, side layout, cohen 09, latitude=-38.38342442, name=Veernag, accuracy=50, phone_number=1234567890, language=Telugu, newAddress=updatedAddress, queryParameterKey=qaclick123, longitude=33.42736234}]]>
              </value>
            </param>
          </params>
          <reporter-output>
          </reporter-output>
        </test-method> <!-- daletePositiveTest -->
      </class> <!-- com.caseStudy03.tests.TestClass -->
    </test> <!-- test -->
  </suite> <!-- Case Study 3 -->
</testng-results>
